

Version:	3.50
CmdLine:	C:\Java\LockingIn\LockIn\LockIn.exe --l4j-debug
JNI:		No
WOW64:		Yes
Working dir:	C:\Java\LockingIn\LockIn\.
Requires JDK:	No
Requires 64-Bit: No
Java min ver:	1.004.000
Java max ver:	
Substitute:	JAVA_HOME = 
Substitute:	PATH = C:\Python314\Scripts\;C:\Python314\;C:\Program Files\Common Files\Oracle\Java\javapath;C:\Program Files (x86)\Common Files\Oracle\Java\java8path;C:\Program Files (x86)\Common Files\Oracle\Java\javapath;C:\Windows\system32;C:\Windows;C:\Windows\System32\Wbem;C:\Windows\System32\WindowsPowerShell\v1.0\;C:\Windows\System32\OpenSSH\;C:\Program Files\Git\cmd;C:\Program Files\Java\jdk-25\bin;C:\Program Files\nodejs\;C:\ProgramData\chocolatey\bin;C:\Users\Zev Torrentira\AppData\Local\Microsoft\WindowsApps;C:\Users\Zev Torrentira\AppData\Local\Programs\Microsoft VS Code\bin;C:\MinGW\bin;C:\Program Files\Git\bin;C:\Users\Zev Torrentira\AppData\Roaming\npm;C:\Program Files\Java\jdk-25\bin
JRE paths:	;C:\Python314\Scripts\;C:\Python314\;C:\Program Files\Common Files\Oracle\Java\javapath;C:\Program Files (x86)\Common Files\Oracle\Java\java8path;C:\Program Files (x86)\Common Files\Oracle\Java\javapath;C:\Windows\system32;C:\Windows;C:\Windows\System32\Wbem;C:\Windows\System32\WindowsPowerShell\v1.0\;C:\Windows\System32\OpenSSH\;C:\Program Files\Git\cmd;C:\Program Files\Java\jdk-25\bin;C:\Program Files\nodejs\;C:\ProgramData\chocolatey\bin;C:\Users\Zev Torrentira\AppData\Local\Microsoft\WindowsApps;C:\Users\Zev Torrentira\AppData\Local\Programs\Microsoft VS Code\bin;C:\MinGW\bin;C:\Program Files\Git\bin;C:\Users\Zev Torrentira\AppData\Roaming\npm;C:\Program Files\Java\jdk-25\bin
Check launcher:	C:\Python314\Scripts\bin\javaw.exe (not found)
Check launcher:	C:\Python314\bin\javaw.exe (not found)
Check launcher:	C:\Program Files\Common Files\Oracle\Java\javapath\bin\javaw.exe (not found)
Check launcher:	C:\Program Files (x86)\Common Files\Oracle\Java\java8path\bin\javaw.exe (not found)
Check launcher:	C:\Program Files (x86)\Common Files\Oracle\Java\javapath\bin\javaw.exe (not found)
Check launcher:	C:\Windows\system32\bin\javaw.exe (not found)
Check launcher:	C:\Windows\bin\javaw.exe (not found)
Check launcher:	C:\Windows\System32\Wbem\bin\javaw.exe (not found)
Check launcher:	C:\Windows\System32\WindowsPowerShell\v1.0\bin\javaw.exe (not found)
Check launcher:	C:\Windows\System32\OpenSSH\bin\javaw.exe (not found)
Check launcher:	C:\Program Files\Git\cmd\bin\javaw.exe (not found)
Check launcher:	C:\Program Files\Java\jdk-25\bin\javaw.exe (OK)
Version string: 1.025.000 / 64-Bit (OK)
Launcher:	C:\Program Files\Java\jdk-25\bin\javaw.exe
Launcher args:	-jar "C:\Java\LockingIn\LockIn\LockIn.exe"
Args length:	42/32768 chars
Exit code:	1


Version:	3.50
CmdLine:	C:\Java\LockingIn\LockIn\LockIn.exe --l4j-debug
JNI:		No
WOW64:		Yes
Working dir:	C:\Java\LockingIn\LockIn\.
Requires JDK:	No
Requires 64-Bit: No
Java min ver:	1.004.000
Java max ver:	
Substitute:	JAVA_HOME = 
Substitute:	PATH = C:\Python314\Scripts\;C:\Python314\;C:\Program Files\Common Files\Oracle\Java\javapath;C:\Program Files (x86)\Common Files\Oracle\Java\java8path;C:\Program Files (x86)\Common Files\Oracle\Java\javapath;C:\Windows\system32;C:\Windows;C:\Windows\System32\Wbem;C:\Windows\System32\WindowsPowerShell\v1.0\;C:\Windows\System32\OpenSSH\;C:\Program Files\Git\cmd;C:\Program Files\Java\jdk-25\bin;C:\Program Files\nodejs\;C:\ProgramData\chocolatey\bin;C:\Users\Zev Torrentira\AppData\Local\Microsoft\WindowsApps;C:\Users\Zev Torrentira\AppData\Local\Programs\Microsoft VS Code\bin;C:\MinGW\bin;C:\Program Files\Git\bin;C:\Users\Zev Torrentira\AppData\Roaming\npm;C:\Program Files\Java\jdk-25\bin
JRE paths:	;C:\Python314\Scripts\;C:\Python314\;C:\Program Files\Common Files\Oracle\Java\javapath;C:\Program Files (x86)\Common Files\Oracle\Java\java8path;C:\Program Files (x86)\Common Files\Oracle\Java\javapath;C:\Windows\system32;C:\Windows;C:\Windows\System32\Wbem;C:\Windows\System32\WindowsPowerShell\v1.0\;C:\Windows\System32\OpenSSH\;C:\Program Files\Git\cmd;C:\Program Files\Java\jdk-25\bin;C:\Program Files\nodejs\;C:\ProgramData\chocolatey\bin;C:\Users\Zev Torrentira\AppData\Local\Microsoft\WindowsApps;C:\Users\Zev Torrentira\AppData\Local\Programs\Microsoft VS Code\bin;C:\MinGW\bin;C:\Program Files\Git\bin;C:\Users\Zev Torrentira\AppData\Roaming\npm;C:\Program Files\Java\jdk-25\bin
Check launcher:	C:\Python314\Scripts\bin\javaw.exe (not found)
Check launcher:	C:\Python314\bin\javaw.exe (not found)
Check launcher:	C:\Program Files\Common Files\Oracle\Java\javapath\bin\javaw.exe (not found)
Check launcher:	C:\Program Files (x86)\Common Files\Oracle\Java\java8path\bin\javaw.exe (not found)
Check launcher:	C:\Program Files (x86)\Common Files\Oracle\Java\javapath\bin\javaw.exe (not found)
Check launcher:	C:\Windows\system32\bin\javaw.exe (not found)
Check launcher:	C:\Windows\bin\javaw.exe (not found)
Check launcher:	C:\Windows\System32\Wbem\bin\javaw.exe (not found)
Check launcher:	C:\Windows\System32\WindowsPowerShell\v1.0\bin\javaw.exe (not found)
Check launcher:	C:\Windows\System32\OpenSSH\bin\javaw.exe (not found)
Check launcher:	C:\Program Files\Git\cmd\bin\javaw.exe (not found)
Check launcher:	C:\Program Files\Java\jdk-25\bin\javaw.exe (OK)
Version string: 1.025.000 / 64-Bit (OK)
Launcher:	C:\Program Files\Java\jdk-25\bin\javaw.exe
Launcher args:	-jar "C:\Java\LockingIn\LockIn\LockIn.exe"
Args length:	42/32768 chars
Exit code:	1


Version:	3.50
CmdLine:	C:\Java\LockingIn\LockIn\LockIn.exe --l4j-debug
JNI:		No
WOW64:		Yes
Working dir:	C:\Java\LockingIn\LockIn\.
Requires JDK:	No
Requires 64-Bit: No
Java min ver:	1.017.000
Java max ver:	
Substitute:	JAVA_HOME = 
Substitute:	PATH = C:\Python314\Scripts\;C:\Python314\;C:\Program Files\Common Files\Oracle\Java\javapath;C:\Program Files (x86)\Common Files\Oracle\Java\java8path;C:\Program Files (x86)\Common Files\Oracle\Java\javapath;C:\Windows\system32;C:\Windows;C:\Windows\System32\Wbem;C:\Windows\System32\WindowsPowerShell\v1.0\;C:\Windows\System32\OpenSSH\;C:\Program Files\Git\cmd;C:\Program Files\Java\jdk-25\bin;C:\Program Files\nodejs\;C:\ProgramData\chocolatey\bin;C:\Users\Zev Torrentira\AppData\Local\Microsoft\WindowsApps;C:\Users\Zev Torrentira\AppData\Local\Programs\Microsoft VS Code\bin;C:\MinGW\bin;C:\Program Files\Git\bin;C:\Users\Zev Torrentira\AppData\Roaming\npm;C:\Program Files\Java\jdk-25\bin
JRE paths:	;C:\Python314\Scripts\;C:\Python314\;C:\Program Files\Common Files\Oracle\Java\javapath;C:\Program Files (x86)\Common Files\Oracle\Java\java8path;C:\Program Files (x86)\Common Files\Oracle\Java\javapath;C:\Windows\system32;C:\Windows;C:\Windows\System32\Wbem;C:\Windows\System32\WindowsPowerShell\v1.0\;C:\Windows\System32\OpenSSH\;C:\Program Files\Git\cmd;C:\Program Files\Java\jdk-25\bin;C:\Program Files\nodejs\;C:\ProgramData\chocolatey\bin;C:\Users\Zev Torrentira\AppData\Local\Microsoft\WindowsApps;C:\Users\Zev Torrentira\AppData\Local\Programs\Microsoft VS Code\bin;C:\MinGW\bin;C:\Program Files\Git\bin;C:\Users\Zev Torrentira\AppData\Roaming\npm;C:\Program Files\Java\jdk-25\bin
Check launcher:	C:\Python314\Scripts\bin\javaw.exe (not found)
Check launcher:	C:\Python314\bin\javaw.exe (not found)
Check launcher:	C:\Program Files\Common Files\Oracle\Java\javapath\bin\javaw.exe (not found)
Check launcher:	C:\Program Files (x86)\Common Files\Oracle\Java\java8path\bin\javaw.exe (not found)
Check launcher:	C:\Program Files (x86)\Common Files\Oracle\Java\javapath\bin\javaw.exe (not found)
Check launcher:	C:\Windows\system32\bin\javaw.exe (not found)
Check launcher:	C:\Windows\bin\javaw.exe (not found)
Check launcher:	C:\Windows\System32\Wbem\bin\javaw.exe (not found)
Check launcher:	C:\Windows\System32\WindowsPowerShell\v1.0\bin\javaw.exe (not found)
Check launcher:	C:\Windows\System32\OpenSSH\bin\javaw.exe (not found)
Check launcher:	C:\Program Files\Git\cmd\bin\javaw.exe (not found)
Check launcher:	C:\Program Files\Java\jdk-25\bin\javaw.exe (OK)
Version string: 1.025.000 / 64-Bit (OK)
Launcher:	C:\Program Files\Java\jdk-25\bin\javaw.exe
Launcher args:	--module-path javafx\lib --add-modules javafx.controls,javafx.fxml -jar "C:\Java\LockingIn\LockIn\LockIn.exe"
Args length:	109/32768 chars
Exit code:	0


Version:	3.50
CmdLine:	C:\Java\LockingIn\LockIn\LockIn.exe --l4j-debug
JNI:		No
WOW64:		Yes
Requires JDK:	No
Requires 64-Bit: No
Java min ver:	1.017.000
Java max ver:	
JRE paths:	jre
Check launcher:	C:\Java\LockingIn\LockIn\jre\bin\javaw.exe (OK)
Version string: 1.025.000 / 64-Bit (OK)
Launcher:	C:\Java\LockingIn\LockIn\jre\bin\javaw.exe
Launcher args:	--module-path javafx\lib --add-modules javafx.controls,javafx.fxml -jar "C:\Java\LockingIn\LockIn\LockIn.exe"
Args length:	109/32768 chars
Exit code:	1


Version:	3.50
CmdLine:	C:\Java\LockingIn\LockIn\LockIn.exe --l4j-debug
JNI:		No
WOW64:		Yes
Requires JDK:	No
Requires 64-Bit: No
Java min ver:	1.017.000
Java max ver:	
Substitute:	JAVA_HOME = 
Substitute:	PATH = C:\Python314\Scripts\;C:\Python314\;C:\Program Files\Common Files\Oracle\Java\javapath;C:\Program Files (x86)\Common Files\Oracle\Java\java8path;C:\Program Files (x86)\Common Files\Oracle\Java\javapath;C:\Windows\system32;C:\Windows;C:\Windows\System32\Wbem;C:\Windows\System32\WindowsPowerShell\v1.0\;C:\Windows\System32\OpenSSH\;C:\Program Files\Git\cmd;C:\Program Files\Java\jdk-25\bin;C:\Program Files\nodejs\;C:\ProgramData\chocolatey\bin;C:\Users\Zev Torrentira\AppData\Local\Microsoft\WindowsApps;C:\Users\Zev Torrentira\AppData\Local\Programs\Microsoft VS Code\bin;C:\MinGW\bin;C:\Program Files\Git\bin;C:\Program Files\Git\cmd;C:\Users\Zev Torrentira\AppData\Roaming\npm;C:\Program Files\Java\jdk-25\bin
JRE paths:	;C:\Python314\Scripts\;C:\Python314\;C:\Program Files\Common Files\Oracle\Java\javapath;C:\Program Files (x86)\Common Files\Oracle\Java\java8path;C:\Program Files (x86)\Common Files\Oracle\Java\javapath;C:\Windows\system32;C:\Windows;C:\Windows\System32\Wbem;C:\Windows\System32\WindowsPowerShell\v1.0\;C:\Windows\System32\OpenSSH\;C:\Program Files\Git\cmd;C:\Program Files\Java\jdk-25\bin;C:\Program Files\nodejs\;C:\ProgramData\chocolatey\bin;C:\Users\Zev Torrentira\AppData\Local\Microsoft\WindowsApps;C:\Users\Zev Torrentira\AppData\Local\Programs\Microsoft VS Code\bin;C:\MinGW\bin;C:\Program Files\Git\bin;C:\Program Files\Git\cmd;C:\Users\Zev Torrentira\AppData\Roaming\npm;C:\Program Files\Java\jdk-25\bin
Check launcher:	C:\Python314\Scripts\bin\javaw.exe (not found)
Check launcher:	C:\Python314\bin\javaw.exe (not found)
Check launcher:	C:\Program Files\Common Files\Oracle\Java\javapath\bin\javaw.exe (not found)
Check launcher:	C:\Program Files (x86)\Common Files\Oracle\Java\java8path\bin\javaw.exe (not found)
Check launcher:	C:\Program Files (x86)\Common Files\Oracle\Java\javapath\bin\javaw.exe (not found)
Check launcher:	C:\Windows\system32\bin\javaw.exe (not found)
Check launcher:	C:\Windows\bin\javaw.exe (not found)
Check launcher:	C:\Windows\System32\Wbem\bin\javaw.exe (not found)
Check launcher:	C:\Windows\System32\WindowsPowerShell\v1.0\bin\javaw.exe (not found)
Check launcher:	C:\Windows\System32\OpenSSH\bin\javaw.exe (not found)
Check launcher:	C:\Program Files\Git\cmd\bin\javaw.exe (not found)
Check launcher:	C:\Program Files\Java\jdk-25\bin\javaw.exe (OK)
Version string: 1.025.000 / 64-Bit (OK)
Launcher:	C:\Program Files\Java\jdk-25\bin\javaw.exe
Launcher args:	--module-path javafx\lib --add-modules javafx.controls,javafx.fxml -jar "C:\Java\LockingIn\LockIn\LockIn.exe"
Args length:	109/32768 chars
Exit code:	1


Version:	3.50
CmdLine:	C:\Java\LockingIn\LockIn\LockIn.exe --l4j-debug
JNI:		No
WOW64:		Yes
Requires JDK:	No
Requires 64-Bit: No
Java min ver:	1.017.000
Java max ver:	
Substitute:	JAVA_HOME = 
Substitute:	PATH = C:\Python314\Scripts\;C:\Python314\;C:\Program Files\Common Files\Oracle\Java\javapath;C:\Program Files (x86)\Common Files\Oracle\Java\java8path;C:\Program Files (x86)\Common Files\Oracle\Java\javapath;C:\Windows\system32;C:\Windows;C:\Windows\System32\Wbem;C:\Windows\System32\WindowsPowerShell\v1.0\;C:\Windows\System32\OpenSSH\;C:\Program Files\Git\cmd;C:\Program Files\Java\jdk-25\bin;C:\Program Files\nodejs\;C:\ProgramData\chocolatey\bin;C:\Users\Zev Torrentira\AppData\Local\Microsoft\WindowsApps;C:\Users\Zev Torrentira\AppData\Local\Programs\Microsoft VS Code\bin;C:\MinGW\bin;C:\Program Files\Git\bin;C:\Program Files\Git\cmd;C:\Users\Zev Torrentira\AppData\Roaming\npm;C:\Program Files\Java\jdk-25\bin
JRE paths:	;C:\Python314\Scripts\;C:\Python314\;C:\Program Files\Common Files\Oracle\Java\javapath;C:\Program Files (x86)\Common Files\Oracle\Java\java8path;C:\Program Files (x86)\Common Files\Oracle\Java\javapath;C:\Windows\system32;C:\Windows;C:\Windows\System32\Wbem;C:\Windows\System32\WindowsPowerShell\v1.0\;C:\Windows\System32\OpenSSH\;C:\Program Files\Git\cmd;C:\Program Files\Java\jdk-25\bin;C:\Program Files\nodejs\;C:\ProgramData\chocolatey\bin;C:\Users\Zev Torrentira\AppData\Local\Microsoft\WindowsApps;C:\Users\Zev Torrentira\AppData\Local\Programs\Microsoft VS Code\bin;C:\MinGW\bin;C:\Program Files\Git\bin;C:\Program Files\Git\cmd;C:\Users\Zev Torrentira\AppData\Roaming\npm;C:\Program Files\Java\jdk-25\bin
Check launcher:	C:\Python314\Scripts\bin\javaw.exe (not found)
Check launcher:	C:\Python314\bin\javaw.exe (not found)
Check launcher:	C:\Program Files\Common Files\Oracle\Java\javapath\bin\javaw.exe (not found)
Check launcher:	C:\Program Files (x86)\Common Files\Oracle\Java\java8path\bin\javaw.exe (not found)
Check launcher:	C:\Program Files (x86)\Common Files\Oracle\Java\javapath\bin\javaw.exe (not found)
Check launcher:	C:\Windows\system32\bin\javaw.exe (not found)
Check launcher:	C:\Windows\bin\javaw.exe (not found)
Check launcher:	C:\Windows\System32\Wbem\bin\javaw.exe (not found)
Check launcher:	C:\Windows\System32\WindowsPowerShell\v1.0\bin\javaw.exe (not found)
Check launcher:	C:\Windows\System32\OpenSSH\bin\javaw.exe (not found)
Check launcher:	C:\Program Files\Git\cmd\bin\javaw.exe (not found)
Check launcher:	C:\Program Files\Java\jdk-25\bin\javaw.exe (OK)
Version string: 1.025.000 / 64-Bit (OK)
Launcher:	C:\Program Files\Java\jdk-25\bin\javaw.exe
Launcher args:	--module-path javafx\lib --add-modules javafx.controls,javafx.fxml -jar "C:\Java\LockingIn\LockIn\LockIn.exe"
Args length:	109/32768 chars
Exit code:	1
